<?xml version="1.0" encoding="UTF-8"?>
<testng-results skipped="0" failed="0" ignored="0" total="1" passed="1">
  <reporter-output>
  </reporter-output>
  <suite name="Default suite" duration-ms="116" started-at="2018-08-09T15:52:11Z" finished-at="2018-08-09T15:52:12Z">
    <groups>
    </groups>
    <test name="Default test" duration-ms="116" started-at="2018-08-09T15:52:11Z" finished-at="2018-08-09T15:52:12Z">
      <class name="testCase.NewTest">
        <test-method status="PASS" signature="f()[pri:0, instance:testCase.NewTest@215be6bb]" name="f" duration-ms="38" started-at="2018-08-09T15:52:12Z" finished-at="2018-08-09T15:52:12Z">
          <reporter-output>
          </reporter-output>
        </test-method> <!-- f -->
      </class> <!-- testCase.NewTest -->
    </test> <!-- Default test -->
  </suite> <!-- Default suite -->
</testng-results>
